<?xml version="1.0" encoding="UTF-8"?>
<!-- Generated by org.testng.reporters.JUnitXMLReporter -->
<testsuite ignored="0" hostname="IQZNGLLT008" failures="1" tests="7" name="TestingOnFirefox" time="75.683" errors="0" timestamp="2022-01-31T11:33:06 IST">
  <testcase classname="Miniproject.Miniproject" name="launcurl" time="2.976"/>
  <testcase classname="Miniproject.Miniproject" name="enterusername" time="0.074"/>
  <testcase classname="Miniproject.Miniproject" name="enterpswd" time="0.06"/>
  <testcase classname="Miniproject.Miniproject" name="clicklogin" time="53.461"/>
  <testcase classname="Miniproject.Miniproject" name="clickexpandmenu" time="3.671"/>
  <testcase classname="Miniproject.Miniproject" name="editlead" time="7.512"/>
  <testcase classname="Miniproject.Miniproject" name="convertlead" time="0.057">
    <failure type="org.openqa.selenium.ElementClickInterceptedException" message="Element &amp;lt;button class=&amp;quot;Simple pzhc pzbutton&amp;quot; name=&amp;quot;CaseActionHeader_pyWorkPage_5&amp;quot; type=&amp;quot;button&amp;quot;&amp;gt; is not clickable at point (410,108) because another element &amp;lt;div class=&amp;quot;HIDD21417C9ED3386B20EAEE2D0B51E72B6 show HIDF3B0E840DCD97E8A1BA09672B7A0BB5A&amp;quot;&amp;gt; obscures it
Build info: version: &amp;apos;4.0.0&amp;apos;, revision: &amp;apos;3a21814679&amp;apos;
System info: host: &amp;apos;IQZNGLLT008&amp;apos;, ip: &amp;apos;192.168.126.148&amp;apos;, os.name: &amp;apos;Windows 10&amp;apos;, os.arch: &amp;apos;amd64&amp;apos;, os.version: &amp;apos;10.0&amp;apos;, java.version: &amp;apos;16.0.2&amp;apos;
Driver info: org.openqa.selenium.firefox.FirefoxDriver
Command: [396d5b23-ad2c-4676-833c-8b9040a85002, clickElement {id=6b47f249-7917-4abe-96b4-1cff5d9e3e3c}]
Capabilities {acceptInsecureCerts: true, browserName: firefox, browserVersion: 96.0.3, javascriptEnabled: true, moz:accessibilityChecks: false, moz:buildID: 20220126154723, moz:debuggerAddress: localhost:57486, moz:geckodriverVersion: 0.30.0, moz:headless: false, moz:processID: 24760, moz:profile: C:\Users\bhagawath.a\AppDat..., moz:shutdownTimeout: 60000, moz:useNonSpecCompliantPointerOrigin: false, moz:webdriverClick: true, pageLoadStrategy: normal, platform: WINDOWS, platformName: WINDOWS, platformVersion: 10.0, proxy: Proxy(), se:cdp: ws://localhost:57486/devtoo..., se:cdpVersion: 85, setWindowRect: true, strictFileInteractability: false, timeouts: {implicit: 0, pageLoad: 300000, script: 30000}, unhandledPromptBehavior: dismiss and notify}
Element: [[FirefoxDriver: firefox on WINDOWS (396d5b23-ad2c-4676-833c-8b9040a85002)] -&amp;gt; xpath: (//button[contains(@title,&amp;apos;Actions&amp;apos;)][normalize-space()=&amp;apos;Actions&amp;apos;])[2]]
Session ID: 396d5b23-ad2c-4676-833c-8b9040a85002">
      <![CDATA[org.openqa.selenium.ElementClickInterceptedException: Element <button class="Simple pzhc pzbutton" name="CaseActionHeader_pyWorkPage_5" type="button"> is not clickable at point (410,108) because another element <div class="HIDD21417C9ED3386B20EAEE2D0B51E72B6 show HIDF3B0E840DCD97E8A1BA09672B7A0BB5A"> obscures it
Build info: version: '4.0.0', revision: '3a21814679'
System info: host: 'IQZNGLLT008', ip: '192.168.126.148', os.name: 'Windows 10', os.arch: 'amd64', os.version: '10.0', java.version: '16.0.2'
Driver info: org.openqa.selenium.firefox.FirefoxDriver
Command: [396d5b23-ad2c-4676-833c-8b9040a85002, clickElement {id=6b47f249-7917-4abe-96b4-1cff5d9e3e3c}]
Capabilities {acceptInsecureCerts: true, browserName: firefox, browserVersion: 96.0.3, javascriptEnabled: true, moz:accessibilityChecks: false, moz:buildID: 20220126154723, moz:debuggerAddress: localhost:57486, moz:geckodriverVersion: 0.30.0, moz:headless: false, moz:processID: 24760, moz:profile: C:\Users\bhagawath.a\AppDat..., moz:shutdownTimeout: 60000, moz:useNonSpecCompliantPointerOrigin: false, moz:webdriverClick: true, pageLoadStrategy: normal, platform: WINDOWS, platformName: WINDOWS, platformVersion: 10.0, proxy: Proxy(), se:cdp: ws://localhost:57486/devtoo..., se:cdpVersion: 85, setWindowRect: true, strictFileInteractability: false, timeouts: {implicit: 0, pageLoad: 300000, script: 30000}, unhandledPromptBehavior: dismiss and notify}
Element: [[FirefoxDriver: firefox on WINDOWS (396d5b23-ad2c-4676-833c-8b9040a85002)] -> xpath: (//button[contains(@title,'Actions')][normalize-space()='Actions'])[2]]
Session ID: 396d5b23-ad2c-4676-833c-8b9040a85002
at org.openqa.selenium.remote.codec.w3c.W3CHttpResponseCodec.createException(W3CHttpResponseCodec.java:200)
at org.openqa.selenium.remote.codec.w3c.W3CHttpResponseCodec.decode(W3CHttpResponseCodec.java:133)
at org.openqa.selenium.remote.codec.w3c.W3CHttpResponseCodec.decode(W3CHttpResponseCodec.java:53)
at org.openqa.selenium.remote.HttpCommandExecutor.execute(HttpCommandExecutor.java:184)
at org.openqa.selenium.remote.service.DriverCommandExecutor.invokeExecute(DriverCommandExecutor.java:164)
at org.openqa.selenium.remote.service.DriverCommandExecutor.execute(DriverCommandExecutor.java:139)
at org.openqa.selenium.remote.RemoteWebDriver.execute(RemoteWebDriver.java:559)
at org.openqa.selenium.remote.RemoteWebElement.execute(RemoteWebElement.java:251)
at org.openqa.selenium.remote.RemoteWebElement.click(RemoteWebElement.java:77)
at Miniproject.Miniproject.convertlead(Miniproject.java:111)
at java.base/java.util.ArrayList.forEach(ArrayList.java:1511)
at java.base/java.util.concurrent.FutureTask.run(FutureTask.java:264)
at java.base/java.util.concurrent.ThreadPoolExecutor.runWorker(ThreadPoolExecutor.java:1130)
at java.base/java.util.concurrent.ThreadPoolExecutor$Worker.run(ThreadPoolExecutor.java:630)
at java.base/java.lang.Thread.run(Thread.java:831)
... Removed 23 stack frames]]>
    </failure>
  </testcase> <!-- convertlead -->
</testsuite> <!-- TestingOnFirefox -->
