<?xml version="1.0" encoding="UTF-8"?>
<!-- Generated by org.testng.reporters.JUnitXMLReporter -->
<testsuite ignored="0" hostname="IQZNGLLT008" failures="0" tests="7" name="TestingOnEdge" time="89.215" errors="0" timestamp="2022-01-31T11:33:19 IST">
  <testcase classname="Miniproject.Miniproject" name="launcurl" time="2.997"/>
  <testcase classname="Miniproject.Miniproject" name="enterusername" time="0.205"/>
  <testcase classname="Miniproject.Miniproject" name="enterpswd" time="0.158"/>
  <testcase classname="Miniproject.Miniproject" name="clicklogin" time="56.101"/>
  <testcase classname="Miniproject.Miniproject" name="clickexpandmenu" time="6.051"/>
  <testcase classname="Miniproject.Miniproject" name="editlead" time="11.615"/>
  <testcase classname="Miniproject.Miniproject" name="convertlead" time="8.529"/>
</testsuite> <!-- TestingOnEdge -->
