<?xml version="1.0" encoding="UTF-8"?>
<!-- Generated by org.testng.reporters.JUnitXMLReporter -->
<testsuite ignored="0" hostname="IQZNGLLT008" failures="0" tests="7" name="TestingOnChrome" time="61.307" errors="0" timestamp="2022-01-31T11:32:51 IST">
  <testcase classname="Miniproject.Miniproject" name="launcurl" time="2.581"/>
  <testcase classname="Miniproject.Miniproject" name="enterusername" time="0.14"/>
  <testcase classname="Miniproject.Miniproject" name="enterpswd" time="0.16"/>
  <testcase classname="Miniproject.Miniproject" name="clicklogin" time="35.928"/>
  <testcase classname="Miniproject.Miniproject" name="clickexpandmenu" time="3.949"/>
  <testcase classname="Miniproject.Miniproject" name="editlead" time="7.512"/>
  <testcase classname="Miniproject.Miniproject" name="convertlead" time="7.697"/>
</testsuite> <!-- TestingOnChrome -->
