<?xml version="1.0" encoding="UTF-8"?>
<testng-results ignored="0" total="2" passed="2" failed="0" skipped="0">
  <reporter-output>
  </reporter-output>
  <suite started-at="2021-11-17T17:42:27 IST" name="Default suite" finished-at="2021-11-17T17:42:55 IST" duration-ms="27402">
    <groups>
    </groups>
    <test started-at="2021-11-17T17:42:27 IST" name="Default test" finished-at="2021-11-17T17:42:55 IST" duration-ms="27402">
      <class name="Demo.Cross_Browser">
        <test-method is-config="true" signature="setup()[pri:0, instance:Demo.Cross_Browser@6da21078]" started-at="2021-11-17T17:42:27 IST" name="setup" finished-at="2021-11-17T17:42:29 IST" duration-ms="1749" status="PASS">
          <reporter-output>
          </reporter-output>
        </test-method> <!-- setup -->
        <test-method signature="Googletest()[pri:0, instance:Demo.Cross_Browser@6da21078]" started-at="2021-11-17T17:42:29 IST" name="Googletest" finished-at="2021-11-17T17:42:42 IST" duration-ms="12668" status="PASS">
          <reporter-output>
          </reporter-output>
        </test-method> <!-- Googletest -->
        <test-method signature="yahootest()[pri:0, instance:Demo.Cross_Browser@6da21078]" started-at="2021-11-17T17:42:42 IST" name="yahootest" finished-at="2021-11-17T17:42:54 IST" duration-ms="12693" status="PASS">
          <reporter-output>
          </reporter-output>
        </test-method> <!-- yahootest -->
        <test-method is-config="true" signature="finish()[pri:0, instance:Demo.Cross_Browser@6da21078]" started-at="2021-11-17T17:42:54 IST" name="finish" finished-at="2021-11-17T17:42:55 IST" duration-ms="255" status="PASS">
          <reporter-output>
          </reporter-output>
        </test-method> <!-- finish -->
      </class> <!-- Demo.Cross_Browser -->
    </test> <!-- Default test -->
  </suite> <!-- Default suite -->
</testng-results>
