<?xml version="1.0" encoding="UTF-8"?>
<testng-results ignored="0" total="15" passed="15" failed="0" skipped="0">
  <reporter-output>
  </reporter-output>
  <suite started-at="2021-11-23T22:38:24 IST" name="MySuite" finished-at="2021-11-23T22:40:15 IST" duration-ms="110580">
    <groups>
    </groups>
    <test started-at="2021-11-23T22:38:24 IST" name="secondlogin" finished-at="2021-11-23T22:39:23 IST" duration-ms="58991">
      <class name="demo_1.pega_login_thrice">
        <test-method is-config="true" signature="setup(java.lang.String)[pri:0, instance:demo_1.pega_login_thrice@82de64a]" started-at="2021-11-23T22:38:24 IST" name="setup" finished-at="2021-11-23T22:38:26 IST" duration-ms="1797" status="PASS">
          <params>
            <param index="0">
              <value>
                <![CDATA[second]]>
              </value>
            </param>
          </params>
          <reporter-output>
          </reporter-output>
        </test-method> <!-- setup -->
        <test-method signature="launch_app()[pri:0, instance:demo_1.pega_login_thrice@82de64a]" started-at="2021-11-23T22:38:26 IST" name="launch_app" finished-at="2021-11-23T22:38:39 IST" duration-ms="12720" status="PASS">
          <reporter-output>
          </reporter-output>
        </test-method> <!-- launch_app -->
        <test-method signature="enter_user()[pri:0, instance:demo_1.pega_login_thrice@82de64a]" started-at="2021-11-23T22:38:39 IST" name="enter_user" finished-at="2021-11-23T22:38:44 IST" depends-on-methods="demo_1.pega_login_thrice.launch_app" duration-ms="5090" status="PASS">
          <reporter-output>
          </reporter-output>
        </test-method> <!-- enter_user -->
        <test-method signature="enter_pswd()[pri:0, instance:demo_1.pega_login_thrice@82de64a]" started-at="2021-11-23T22:38:44 IST" name="enter_pswd" finished-at="2021-11-23T22:38:49 IST" depends-on-methods="demo_1.pega_login_thrice.enter_user" duration-ms="5071" status="PASS">
          <reporter-output>
          </reporter-output>
        </test-method> <!-- enter_pswd -->
        <test-method signature="clicklogin()[pri:0, instance:demo_1.pega_login_thrice@82de64a]" started-at="2021-11-23T22:38:49 IST" name="clicklogin" finished-at="2021-11-23T22:39:18 IST" depends-on-methods="demo_1.pega_login_thrice.enter_pswd" duration-ms="28971" status="PASS">
          <reporter-output>
          </reporter-output>
        </test-method> <!-- clicklogin -->
        <test-method signature="get_title()[pri:0, instance:demo_1.pega_login_thrice@82de64a]" started-at="2021-11-23T22:39:18 IST" name="get_title" finished-at="2021-11-23T22:39:23 IST" depends-on-methods="demo_1.pega_login_thrice.clicklogin" duration-ms="5017" status="PASS">
          <reporter-output>
          </reporter-output>
        </test-method> <!-- get_title -->
        <test-method is-config="true" signature="finish()[pri:0, instance:demo_1.pega_login_thrice@82de64a]" started-at="2021-11-23T22:39:23 IST" name="finish" finished-at="2021-11-23T22:39:23 IST" duration-ms="283" status="PASS">
          <reporter-output>
          </reporter-output>
        </test-method> <!-- finish -->
      </class> <!-- demo_1.pega_login_thrice -->
    </test> <!-- secondlogin -->
    <test started-at="2021-11-23T22:38:24 IST" name="FirstLogin" finished-at="2021-11-23T22:39:34 IST" duration-ms="69724">
      <class name="demo_1.pega_login_thrice">
        <test-method is-config="true" signature="setup(java.lang.String)[pri:0, instance:demo_1.pega_login_thrice@22ef9844]" started-at="2021-11-23T22:38:24 IST" name="setup" finished-at="2021-11-23T22:38:26 IST" duration-ms="1797" status="PASS">
          <params>
            <param index="0">
              <value>
                <![CDATA[first]]>
              </value>
            </param>
          </params>
          <reporter-output>
          </reporter-output>
        </test-method> <!-- setup -->
        <test-method signature="launch_app()[pri:0, instance:demo_1.pega_login_thrice@22ef9844]" started-at="2021-11-23T22:38:26 IST" name="launch_app" finished-at="2021-11-23T22:38:39 IST" duration-ms="12994" status="PASS">
          <reporter-output>
          </reporter-output>
        </test-method> <!-- launch_app -->
        <test-method signature="enter_user()[pri:0, instance:demo_1.pega_login_thrice@22ef9844]" started-at="2021-11-23T22:38:39 IST" name="enter_user" finished-at="2021-11-23T22:38:44 IST" depends-on-methods="demo_1.pega_login_thrice.launch_app" duration-ms="5071" status="PASS">
          <reporter-output>
          </reporter-output>
        </test-method> <!-- enter_user -->
        <test-method signature="enter_pswd()[pri:0, instance:demo_1.pega_login_thrice@22ef9844]" started-at="2021-11-23T22:38:44 IST" name="enter_pswd" finished-at="2021-11-23T22:38:49 IST" depends-on-methods="demo_1.pega_login_thrice.enter_user" duration-ms="5075" status="PASS">
          <reporter-output>
          </reporter-output>
        </test-method> <!-- enter_pswd -->
        <test-method signature="clicklogin()[pri:0, instance:demo_1.pega_login_thrice@22ef9844]" started-at="2021-11-23T22:38:49 IST" name="clicklogin" finished-at="2021-11-23T22:39:28 IST" depends-on-methods="demo_1.pega_login_thrice.enter_pswd" duration-ms="39484" status="PASS">
          <reporter-output>
          </reporter-output>
        </test-method> <!-- clicklogin -->
        <test-method signature="get_title()[pri:0, instance:demo_1.pega_login_thrice@22ef9844]" started-at="2021-11-23T22:39:28 IST" name="get_title" finished-at="2021-11-23T22:39:33 IST" depends-on-methods="demo_1.pega_login_thrice.clicklogin" duration-ms="5014" status="PASS">
          <reporter-output>
          </reporter-output>
        </test-method> <!-- get_title -->
        <test-method is-config="true" signature="finish()[pri:0, instance:demo_1.pega_login_thrice@22ef9844]" started-at="2021-11-23T22:39:33 IST" name="finish" finished-at="2021-11-23T22:39:34 IST" duration-ms="254" status="PASS">
          <reporter-output>
          </reporter-output>
        </test-method> <!-- finish -->
      </class> <!-- demo_1.pega_login_thrice -->
    </test> <!-- FirstLogin -->
    <test started-at="2021-11-23T22:39:23 IST" name="Thirdlogin" finished-at="2021-11-23T22:40:15 IST" duration-ms="51534">
      <class name="demo_1.pega_login_thrice">
        <test-method is-config="true" signature="setup(java.lang.String)[pri:0, instance:demo_1.pega_login_thrice@26e356f0]" started-at="2021-11-23T22:39:23 IST" name="setup" finished-at="2021-11-23T22:39:24 IST" duration-ms="1282" status="PASS">
          <params>
            <param index="0">
              <value>
                <![CDATA[Third]]>
              </value>
            </param>
          </params>
          <reporter-output>
          </reporter-output>
        </test-method> <!-- setup -->
        <test-method signature="launch_app()[pri:0, instance:demo_1.pega_login_thrice@26e356f0]" started-at="2021-11-23T22:39:24 IST" name="launch_app" finished-at="2021-11-23T22:39:37 IST" duration-ms="12332" status="PASS">
          <reporter-output>
          </reporter-output>
        </test-method> <!-- launch_app -->
        <test-method signature="enter_user()[pri:0, instance:demo_1.pega_login_thrice@26e356f0]" started-at="2021-11-23T22:39:37 IST" name="enter_user" finished-at="2021-11-23T22:39:42 IST" depends-on-methods="demo_1.pega_login_thrice.launch_app" duration-ms="5065" status="PASS">
          <reporter-output>
          </reporter-output>
        </test-method> <!-- enter_user -->
        <test-method signature="enter_pswd()[pri:0, instance:demo_1.pega_login_thrice@26e356f0]" started-at="2021-11-23T22:39:42 IST" name="enter_pswd" finished-at="2021-11-23T22:39:47 IST" depends-on-methods="demo_1.pega_login_thrice.enter_user" duration-ms="5095" status="PASS">
          <reporter-output>
          </reporter-output>
        </test-method> <!-- enter_pswd -->
        <test-method signature="clicklogin()[pri:0, instance:demo_1.pega_login_thrice@26e356f0]" started-at="2021-11-23T22:39:47 IST" name="clicklogin" finished-at="2021-11-23T22:40:09 IST" depends-on-methods="demo_1.pega_login_thrice.enter_pswd" duration-ms="22460" status="PASS">
          <reporter-output>
          </reporter-output>
        </test-method> <!-- clicklogin -->
        <test-method signature="get_title()[pri:0, instance:demo_1.pega_login_thrice@26e356f0]" started-at="2021-11-23T22:40:09 IST" name="get_title" finished-at="2021-11-23T22:40:14 IST" depends-on-methods="demo_1.pega_login_thrice.clicklogin" duration-ms="5027" status="PASS">
          <reporter-output>
          </reporter-output>
        </test-method> <!-- get_title -->
        <test-method is-config="true" signature="finish()[pri:0, instance:demo_1.pega_login_thrice@26e356f0]" started-at="2021-11-23T22:40:14 IST" name="finish" finished-at="2021-11-23T22:40:15 IST" duration-ms="262" status="PASS">
          <reporter-output>
          </reporter-output>
        </test-method> <!-- finish -->
      </class> <!-- demo_1.pega_login_thrice -->
    </test> <!-- Thirdlogin -->
  </suite> <!-- MySuite -->
</testng-results>
