<?xml version="1.0" encoding="UTF-8"?>
<testng-results ignored="0" total="2" passed="2" failed="0" skipped="0">
  <reporter-output>
  </reporter-output>
  <suite started-at="2021-12-21T15:31:36 IST" name="Default suite" finished-at="2021-12-21T15:31:51 IST" duration-ms="15307">
    <groups>
    </groups>
    <test started-at="2021-12-21T15:31:36 IST" name="Default test" finished-at="2021-12-21T15:31:51 IST" duration-ms="15307">
      <class name="Addtocart.Addtocart">
        <test-method is-config="true" signature="Launch_portal()[pri:0, instance:Addtocart.Addtocart@4229bb3f]" started-at="2021-12-21T15:31:36 IST" name="Launch_portal" finished-at="2021-12-21T15:31:45 IST" duration-ms="9540" status="PASS">
          <reporter-output>
          </reporter-output>
        </test-method> <!-- Launch_portal -->
        <test-method signature="Add_Products()[pri:0, instance:Addtocart.Addtocart@4229bb3f]" started-at="2021-12-21T15:31:45 IST" name="Add_Products" finished-at="2021-12-21T15:31:50 IST" duration-ms="5164" status="PASS">
          <reporter-output>
          </reporter-output>
        </test-method> <!-- Add_Products -->
        <test-method signature="Validatebuttonname()[pri:0, instance:Addtocart.Addtocart@4229bb3f]" started-at="2021-12-21T15:31:50 IST" name="Validatebuttonname" finished-at="2021-12-21T15:31:51 IST" depends-on-methods="Addtocart.Addtocart.Add_Products" duration-ms="301" status="PASS">
          <reporter-output>
          </reporter-output>
        </test-method> <!-- Validatebuttonname -->
        <test-method is-config="true" signature="finish()[pri:0, instance:Addtocart.Addtocart@4229bb3f]" started-at="2021-12-21T15:31:51 IST" name="finish" finished-at="2021-12-21T15:31:51 IST" duration-ms="262" status="PASS">
          <reporter-output>
          </reporter-output>
        </test-method> <!-- finish -->
      </class> <!-- Addtocart.Addtocart -->
    </test> <!-- Default test -->
  </suite> <!-- Default suite -->
</testng-results>
