<?xml version="1.0" encoding="UTF-8"?>
<testng-results ignored="0" total="3" passed="3" failed="0" skipped="0">
  <reporter-output>
  </reporter-output>
  <suite started-at="2021-12-21T15:22:43 IST" name="Default suite" finished-at="2021-12-21T15:22:56 IST" duration-ms="12791">
    <groups>
    </groups>
    <test started-at="2021-12-21T15:22:43 IST" name="Default test" finished-at="2021-12-21T15:22:56 IST" duration-ms="12791">
      <class name="Session_18.Session_18">
        <test-method is-config="true" signature="Launch_portal()[pri:0, instance:Session_18.Session_18@56cdfb3b]" started-at="2021-12-21T15:22:44 IST" name="Launch_portal" finished-at="2021-12-21T15:22:54 IST" duration-ms="10507" status="PASS">
          <reporter-output>
          </reporter-output>
        </test-method> <!-- Launch_portal -->
        <test-method signature="Add_to_Cart()[pri:0, instance:Session_18.Session_18@56cdfb3b]" started-at="2021-12-21T15:22:54 IST" name="Add_to_Cart" finished-at="2021-12-21T15:22:55 IST" duration-ms="677" status="PASS">
          <reporter-output>
          </reporter-output>
        </test-method> <!-- Add_to_Cart -->
        <test-method signature="Vegetable_Name()[pri:0, instance:Session_18.Session_18@56cdfb3b]" started-at="2021-12-21T15:22:55 IST" name="Vegetable_Name" finished-at="2021-12-21T15:22:55 IST" depends-on-methods="Session_18.Session_18.Add_to_Cart" duration-ms="304" status="PASS">
          <reporter-output>
          </reporter-output>
        </test-method> <!-- Vegetable_Name -->
        <test-method signature="Vegetable_Cost()[pri:0, instance:Session_18.Session_18@56cdfb3b]" started-at="2021-12-21T15:22:55 IST" name="Vegetable_Cost" finished-at="2021-12-21T15:22:56 IST" depends-on-methods="Session_18.Session_18.Vegetable_Name" duration-ms="884" status="PASS">
          <reporter-output>
          </reporter-output>
        </test-method> <!-- Vegetable_Cost -->
        <test-method is-config="true" signature="finish()[pri:0, instance:Session_18.Session_18@56cdfb3b]" started-at="2021-12-21T15:22:56 IST" name="finish" finished-at="2021-12-21T15:22:56 IST" duration-ms="368" status="PASS">
          <reporter-output>
          </reporter-output>
        </test-method> <!-- finish -->
      </class> <!-- Session_18.Session_18 -->
    </test> <!-- Default test -->
  </suite> <!-- Default suite -->
</testng-results>
