<?xml version="1.0" encoding="UTF-8"?>
<!-- Generated by org.testng.reporters.JUnitXMLReporter -->
<testsuite ignored="0" hostname="IQZNGLLT008" failures="0" tests="5" name="FirstLogin" time="64.425" errors="0" timestamp="2021-11-24T14:08:01 IST">
  <testcase classname="demo_1.pega_login_twiceinvalid" name="launch_app" time="12.301"/>
  <testcase classname="demo_1.pega_login_twiceinvalid" name="enter_user" time="5.138"/>
  <testcase classname="demo_1.pega_login_twiceinvalid" name="enter_pswd" time="5.166"/>
  <testcase classname="demo_1.pega_login_twiceinvalid" name="clicklogin" time="34.697"/>
  <testcase classname="demo_1.pega_login_twiceinvalid" name="get_title" time="5.016"/>
</testsuite> <!-- FirstLogin -->
