<?xml version="1.0" encoding="UTF-8"?>
<!-- Generated by org.testng.reporters.JUnitXMLReporter -->
<testsuite ignored="0" hostname="IQZNGLLT008" failures="0" tests="5" name="InvalidLogin" time="34.86" errors="0" timestamp="2021-11-24T15:39:18 IST">
  <testcase classname="demo_1.pega_login_secondinvalid" name="launch_app" time="12.008"/>
  <testcase classname="demo_1.pega_login_secondinvalid" name="enter_user" time="5.129"/>
  <testcase classname="demo_1.pega_login_secondinvalid" name="enter_pswd" time="5.141"/>
  <testcase classname="demo_1.pega_login_secondinvalid" name="clicklogin" time="5.906"/>
  <testcase classname="demo_1.pega_login_secondinvalid" name="get_title" time="5.03"/>
</testsuite> <!-- InvalidLogin -->
