<?xml version="1.0" encoding="UTF-8"?>
<!-- Generated by org.testng.reporters.JUnitXMLReporter -->
<testsuite ignored="0" hostname="IQZNGLLT008" failures="0" tests="5" name="Thirdlogin" time="51.534" errors="0" timestamp="2021-11-23T22:40:15 IST">
  <testcase classname="demo_1.pega_login_thrice" name="launch_app" time="12.332"/>
  <testcase classname="demo_1.pega_login_thrice" name="enter_user" time="5.065"/>
  <testcase classname="demo_1.pega_login_thrice" name="enter_pswd" time="5.095"/>
  <testcase classname="demo_1.pega_login_thrice" name="clicklogin" time="22.46"/>
  <testcase classname="demo_1.pega_login_thrice" name="get_title" time="5.027"/>
</testsuite> <!-- Thirdlogin -->
