<?xml version="1.0" encoding="UTF-8"?>
<!-- Generated by org.testng.reporters.JUnitXMLReporter -->
<testsuite ignored="0" hostname="IQZNGLLT008" failures="0" tests="5" name="ValidFirstLogin" time="65.494" errors="0" timestamp="2021-11-24T15:38:43 IST">
  <testcase classname="demo_1.pega_login_firstvalid" name="launch_app" time="12.278"/>
  <testcase classname="demo_1.pega_login_firstvalid" name="enter_user" time="5.169"/>
  <testcase classname="demo_1.pega_login_firstvalid" name="enter_pswd" time="5.145"/>
  <testcase classname="demo_1.pega_login_firstvalid" name="clicklogin" time="35.588"/>
  <testcase classname="demo_1.pega_login_firstvalid" name="get_title" time="5.029"/>
</testsuite> <!-- ValidFirstLogin -->
