<?xml version="1.0" encoding="UTF-8"?>
<!-- Generated by org.testng.reporters.JUnitXMLReporter -->
<testsuite ignored="0" hostname="IQZNGLLT008" failures="0" tests="6" name="TestingOnFirefox" time="22.25" errors="0" timestamp="2021-11-26T16:05:44 IST">
  <testcase classname="Scroll.Scroll_browser1" name="LaunchUrl" time="6.847"/>
  <testcase classname="Scroll.Scroll_browser1" name="Scroll" time="10.273"/>
  <testcase classname="Scroll.Scroll_browser1" name="twitterlaunch" time="0.142"/>
  <testcase classname="Scroll.Scroll_browser1" name="facebooklaunch" time="0.167"/>
  <testcase classname="Scroll.Scroll_browser1" name="githublaunch" time="0.228"/>
  <testcase classname="Scroll.Scroll_browser1" name="telegram" time="0.23"/>
</testsuite> <!-- TestingOnFirefox -->
