<?xml version="1.0" encoding="UTF-8"?>
<!-- Generated by org.testng.reporters.JUnitXMLReporter -->
<testsuite ignored="0" hostname="IQZNGLLT008" failures="0" tests="6" name="TestingOnChrome" time="18.431" errors="0" timestamp="2021-11-26T16:05:40 IST">
  <testcase classname="Scroll.Scroll_browser1" name="LaunchUrl" time="5.724"/>
  <testcase classname="Scroll.Scroll_browser1" name="Scroll" time="10.191"/>
  <testcase classname="Scroll.Scroll_browser1" name="twitterlaunch" time="0.146"/>
  <testcase classname="Scroll.Scroll_browser1" name="facebooklaunch" time="0.124"/>
  <testcase classname="Scroll.Scroll_browser1" name="githublaunch" time="0.152"/>
  <testcase classname="Scroll.Scroll_browser1" name="telegram" time="0.159"/>
</testsuite> <!-- TestingOnChrome -->
