<?xml version="1.0" encoding="UTF-8"?>
<!-- Generated by org.testng.reporters.JUnitXMLReporter -->
<testsuite ignored="0" hostname="IQZNGLLT008" failures="1" tests="5" name="TestingOnEdge" time="0.071" errors="0" timestamp="2021-11-26T15:28:48 IST">
  <testcase classname="Scroll.Scroll_browser1" name="LaunchUrl" time="0.005">
    <failure type="java.lang.NullPointerException" message="Cannot invoke &amp;quot;org.openqa.selenium.WebDriver.get(String)&amp;quot; because &amp;quot;this.driver&amp;quot; is null">
      <![CDATA[java.lang.NullPointerException: Cannot invoke "org.openqa.selenium.WebDriver.get(String)" because "this.driver" is null
at Scroll.Scroll_browser1.LaunchUrl(Scroll_browser1.java:38)
at java.base/java.util.ArrayList.forEach(ArrayList.java:1511)
at java.base/java.util.concurrent.FutureTask.run(FutureTask.java:264)
at java.base/java.util.concurrent.ThreadPoolExecutor.runWorker(ThreadPoolExecutor.java:1130)
at java.base/java.util.concurrent.ThreadPoolExecutor$Worker.run(ThreadPoolExecutor.java:630)
at java.base/java.lang.Thread.run(Thread.java:831)
... Removed 18 stack frames]]>
    </failure>
  </testcase> <!-- LaunchUrl -->
  <testcase classname="Scroll.Scroll_browser1" name="twitterlaunch" time="0.0">
    <skipped/>
  </testcase> <!-- twitterlaunch -->
  <testcase classname="Scroll.Scroll_browser1" name="facebooklaunch" time="0.0">
    <skipped/>
  </testcase> <!-- facebooklaunch -->
  <testcase classname="Scroll.Scroll_browser1" name="githublaunch" time="0.0">
    <skipped/>
  </testcase> <!-- githublaunch -->
  <testcase classname="Scroll.Scroll_browser1" name="telegram" time="0.0">
    <skipped/>
  </testcase> <!-- telegram -->
</testsuite> <!-- TestingOnEdge -->
