<?xml version="1.0" encoding="UTF-8"?>
<!-- Generated by org.testng.reporters.JUnitXMLReporter -->
<testsuite ignored="0" hostname="IQZNGLLT008" failures="0" tests="5" name="secondlogin" time="58.991" errors="0" timestamp="2021-11-23T22:39:23 IST">
  <testcase classname="demo_1.pega_login_thrice" name="launch_app" time="12.72"/>
  <testcase classname="demo_1.pega_login_thrice" name="enter_user" time="5.09"/>
  <testcase classname="demo_1.pega_login_thrice" name="enter_pswd" time="5.071"/>
  <testcase classname="demo_1.pega_login_thrice" name="clicklogin" time="28.971"/>
  <testcase classname="demo_1.pega_login_thrice" name="get_title" time="5.017"/>
</testsuite> <!-- secondlogin -->
