<?xml version="1.0" encoding="UTF-8"?>
<!-- Generated by org.testng.reporters.JUnitXMLReporter -->
<testsuite ignored="0" hostname="IQZNGLLT008" failures="0" tests="5" name="TestingOnChrome" time="88.702" errors="0" timestamp="2021-11-23T18:05:27 IST">
  <testcase classname="demo_1.pega_login_page" name="launch_app" time="12.911"/>
  <testcase classname="demo_1.pega_login_page" name="enter_user" time="5.141"/>
  <testcase classname="demo_1.pega_login_page" name="enter_pswd" time="5.127"/>
  <testcase classname="demo_1.pega_login_page" name="clicklogin" time="58.234"/>
  <testcase classname="demo_1.pega_login_page" name="get_title" time="5.029"/>
</testsuite> <!-- TestingOnChrome -->
