<?xml version="1.0" encoding="UTF-8"?>
<!-- Generated by org.testng.reporters.JUnitXMLReporter -->
<testsuite ignored="0" hostname="IQZNGLLT008" failures="0" tests="5" name="TestingOnEdge" time="81.96" errors="0" timestamp="2021-11-23T18:05:20 IST">
  <testcase classname="demo_1.pega_login_page" name="launch_app" time="12.848"/>
  <testcase classname="demo_1.pega_login_page" name="enter_user" time="5.142"/>
  <testcase classname="demo_1.pega_login_page" name="enter_pswd" time="5.16"/>
  <testcase classname="demo_1.pega_login_page" name="clicklogin" time="50.526"/>
  <testcase classname="demo_1.pega_login_page" name="get_title" time="5.033"/>
</testsuite> <!-- TestingOnEdge -->
