<?xml version="1.0" encoding="UTF-8"?>
<!-- Generated by org.testng.reporters.JUnitXMLReporter -->
<testsuite ignored="0" hostname="IQZNGLLT008" failures="0" tests="3" name="Default test" time="12.791" errors="0" timestamp="2021-12-21T15:22:56 IST">
  <testcase classname="Session_18.Session_18" name="Add_to_Cart" time="0.677"/>
  <testcase classname="Session_18.Session_18" name="Vegetable_Name" time="0.304"/>
  <testcase classname="Session_18.Session_18" name="Vegetable_Cost" time="0.884"/>
</testsuite> <!-- Default test -->
