<?xml version="1.0" encoding="UTF-8"?>
<testng-results ignored="0" total="12" passed="12" failed="0" skipped="0">
  <reporter-output>
  </reporter-output>
  <suite started-at="2021-11-26T16:05:22 IST" name="Suite1" finished-at="2021-11-26T16:05:44 IST" duration-ms="22250">
    <groups>
    </groups>
    <test started-at="2021-11-26T16:05:22 IST" name="TestingOnChrome" finished-at="2021-11-26T16:05:40 IST" duration-ms="18431">
      <class name="Scroll.Scroll_browser1">
        <test-method is-config="true" signature="setup(java.lang.String)[pri:0, instance:Scroll.Scroll_browser1@47987356]" started-at="2021-11-26T16:05:22 IST" name="setup" finished-at="2021-11-26T16:05:24 IST" duration-ms="1880" status="PASS">
          <params>
            <param index="0">
              <value>
                <![CDATA[chrome]]>
              </value>
            </param>
          </params>
          <reporter-output>
          </reporter-output>
        </test-method> <!-- setup -->
        <test-method signature="LaunchUrl()[pri:0, instance:Scroll.Scroll_browser1@47987356]" started-at="2021-11-26T16:05:24 IST" name="LaunchUrl" finished-at="2021-11-26T16:05:29 IST" duration-ms="5724" status="PASS">
          <reporter-output>
          </reporter-output>
        </test-method> <!-- LaunchUrl -->
        <test-method signature="Scroll()[pri:0, instance:Scroll.Scroll_browser1@47987356]" started-at="2021-11-26T16:05:29 IST" name="Scroll" finished-at="2021-11-26T16:05:40 IST" depends-on-methods="Scroll.Scroll_browser1.LaunchUrl" duration-ms="10191" status="PASS">
          <reporter-output>
          </reporter-output>
        </test-method> <!-- Scroll -->
        <test-method signature="twitterlaunch()[pri:0, instance:Scroll.Scroll_browser1@47987356]" started-at="2021-11-26T16:05:40 IST" name="twitterlaunch" finished-at="2021-11-26T16:05:40 IST" depends-on-methods="Scroll.Scroll_browser1.Scroll" duration-ms="146" status="PASS">
          <reporter-output>
          </reporter-output>
        </test-method> <!-- twitterlaunch -->
        <test-method signature="facebooklaunch()[pri:0, instance:Scroll.Scroll_browser1@47987356]" started-at="2021-11-26T16:05:40 IST" name="facebooklaunch" finished-at="2021-11-26T16:05:40 IST" depends-on-methods="Scroll.Scroll_browser1.twitterlaunch" duration-ms="124" status="PASS">
          <reporter-output>
          </reporter-output>
        </test-method> <!-- facebooklaunch -->
        <test-method signature="githublaunch()[pri:0, instance:Scroll.Scroll_browser1@47987356]" started-at="2021-11-26T16:05:40 IST" name="githublaunch" finished-at="2021-11-26T16:05:40 IST" depends-on-methods="Scroll.Scroll_browser1.facebooklaunch" duration-ms="152" status="PASS">
          <reporter-output>
          </reporter-output>
        </test-method> <!-- githublaunch -->
        <test-method signature="telegram()[pri:0, instance:Scroll.Scroll_browser1@47987356]" started-at="2021-11-26T16:05:40 IST" name="telegram" finished-at="2021-11-26T16:05:40 IST" depends-on-methods="Scroll.Scroll_browser1.githublaunch" duration-ms="159" status="PASS">
          <reporter-output>
          </reporter-output>
        </test-method> <!-- telegram -->
      </class> <!-- Scroll.Scroll_browser1 -->
    </test> <!-- TestingOnChrome -->
    <test started-at="2021-11-26T16:05:22 IST" name="TestingOnFirefox" finished-at="2021-11-26T16:05:44 IST" duration-ms="22250">
      <class name="Scroll.Scroll_browser1">
        <test-method is-config="true" signature="setup(java.lang.String)[pri:0, instance:Scroll.Scroll_browser1@49049a04]" started-at="2021-11-26T16:05:22 IST" name="setup" finished-at="2021-11-26T16:05:26 IST" duration-ms="4346" status="PASS">
          <params>
            <param index="0">
              <value>
                <![CDATA[firefox]]>
              </value>
            </param>
          </params>
          <reporter-output>
          </reporter-output>
        </test-method> <!-- setup -->
        <test-method signature="LaunchUrl()[pri:0, instance:Scroll.Scroll_browser1@49049a04]" started-at="2021-11-26T16:05:26 IST" name="LaunchUrl" finished-at="2021-11-26T16:05:33 IST" duration-ms="6847" status="PASS">
          <reporter-output>
          </reporter-output>
        </test-method> <!-- LaunchUrl -->
        <test-method signature="Scroll()[pri:0, instance:Scroll.Scroll_browser1@49049a04]" started-at="2021-11-26T16:05:33 IST" name="Scroll" finished-at="2021-11-26T16:05:43 IST" depends-on-methods="Scroll.Scroll_browser1.LaunchUrl" duration-ms="10273" status="PASS">
          <reporter-output>
          </reporter-output>
        </test-method> <!-- Scroll -->
        <test-method signature="twitterlaunch()[pri:0, instance:Scroll.Scroll_browser1@49049a04]" started-at="2021-11-26T16:05:43 IST" name="twitterlaunch" finished-at="2021-11-26T16:05:43 IST" depends-on-methods="Scroll.Scroll_browser1.Scroll" duration-ms="142" status="PASS">
          <reporter-output>
          </reporter-output>
        </test-method> <!-- twitterlaunch -->
        <test-method signature="facebooklaunch()[pri:0, instance:Scroll.Scroll_browser1@49049a04]" started-at="2021-11-26T16:05:43 IST" name="facebooklaunch" finished-at="2021-11-26T16:05:44 IST" depends-on-methods="Scroll.Scroll_browser1.twitterlaunch" duration-ms="167" status="PASS">
          <reporter-output>
          </reporter-output>
        </test-method> <!-- facebooklaunch -->
        <test-method signature="githublaunch()[pri:0, instance:Scroll.Scroll_browser1@49049a04]" started-at="2021-11-26T16:05:44 IST" name="githublaunch" finished-at="2021-11-26T16:05:44 IST" depends-on-methods="Scroll.Scroll_browser1.facebooklaunch" duration-ms="228" status="PASS">
          <reporter-output>
          </reporter-output>
        </test-method> <!-- githublaunch -->
        <test-method signature="telegram()[pri:0, instance:Scroll.Scroll_browser1@49049a04]" started-at="2021-11-26T16:05:44 IST" name="telegram" finished-at="2021-11-26T16:05:44 IST" depends-on-methods="Scroll.Scroll_browser1.githublaunch" duration-ms="230" status="PASS">
          <reporter-output>
          </reporter-output>
        </test-method> <!-- telegram -->
      </class> <!-- Scroll.Scroll_browser1 -->
    </test> <!-- TestingOnFirefox -->
  </suite> <!-- Suite1 -->
</testng-results>
