<?xml version="1.0" encoding="UTF-8"?>
<!-- Generated by org.testng.reporters.JUnitXMLReporter -->
<testsuite ignored="0" hostname="IQZNGLLT008" failures="0" tests="3" name="Default test" time="14.822" errors="0" timestamp="2021-12-22T15:26:01 IST">
  <testcase classname="Search_Potato.Search_Potato" name="TopDeal" time="0.468"/>
  <testcase classname="Search_Potato.Search_Potato" name="Top_Deals_Page" time="0.128"/>
  <testcase classname="Search_Potato.Search_Potato" name="potato" time="0.14"/>
</testsuite> <!-- Default test -->
