<?xml version="1.0" encoding="UTF-8"?>
<testng-results ignored="0" total="21" passed="20" failed="1" skipped="0">
  <reporter-output>
  </reporter-output>
  <suite started-at="2022-01-31T11:31:50 IST" name="Suite" finished-at="2022-01-31T11:33:19 IST" duration-ms="89216">
    <groups>
    </groups>
    <test started-at="2022-01-31T11:31:50 IST" name="TestingOnChrome" finished-at="2022-01-31T11:32:51 IST" duration-ms="61307">
      <class name="Miniproject.Miniproject">
        <test-method is-config="true" signature="setup(java.lang.String)[pri:0, instance:Miniproject.Miniproject@6cd28fa7]" started-at="2022-01-31T11:31:50 IST" name="setup" finished-at="2022-01-31T11:31:53 IST" duration-ms="2861" status="PASS">
          <params>
            <param index="0">
              <value>
                <![CDATA[chrome]]>
              </value>
            </param>
          </params>
          <reporter-output>
          </reporter-output>
        </test-method> <!-- setup -->
        <test-method signature="launcurl()[pri:0, instance:Miniproject.Miniproject@6cd28fa7]" started-at="2022-01-31T11:31:53 IST" name="launcurl" finished-at="2022-01-31T11:31:55 IST" duration-ms="2581" status="PASS">
          <reporter-output>
          </reporter-output>
        </test-method> <!-- launcurl -->
        <test-method signature="enterusername()[pri:0, instance:Miniproject.Miniproject@6cd28fa7]" started-at="2022-01-31T11:31:55 IST" name="enterusername" finished-at="2022-01-31T11:31:56 IST" depends-on-methods="Miniproject.Miniproject.launcurl" duration-ms="140" status="PASS">
          <reporter-output>
          </reporter-output>
        </test-method> <!-- enterusername -->
        <test-method signature="enterpswd()[pri:0, instance:Miniproject.Miniproject@6cd28fa7]" started-at="2022-01-31T11:31:56 IST" name="enterpswd" finished-at="2022-01-31T11:31:56 IST" depends-on-methods="Miniproject.Miniproject.enterusername" duration-ms="160" status="PASS">
          <reporter-output>
          </reporter-output>
        </test-method> <!-- enterpswd -->
        <test-method signature="clicklogin()[pri:0, instance:Miniproject.Miniproject@6cd28fa7]" started-at="2022-01-31T11:31:56 IST" name="clicklogin" finished-at="2022-01-31T11:32:32 IST" depends-on-methods="Miniproject.Miniproject.enterpswd" duration-ms="35928" status="PASS">
          <reporter-output>
          </reporter-output>
        </test-method> <!-- clicklogin -->
        <test-method signature="clickexpandmenu()[pri:0, instance:Miniproject.Miniproject@6cd28fa7]" started-at="2022-01-31T11:32:32 IST" name="clickexpandmenu" finished-at="2022-01-31T11:32:36 IST" depends-on-methods="Miniproject.Miniproject.clicklogin" duration-ms="3949" status="PASS">
          <reporter-output>
          </reporter-output>
        </test-method> <!-- clickexpandmenu -->
        <test-method signature="editlead()[pri:0, instance:Miniproject.Miniproject@6cd28fa7]" started-at="2022-01-31T11:32:36 IST" name="editlead" finished-at="2022-01-31T11:32:43 IST" depends-on-methods="Miniproject.Miniproject.clickexpandmenu" duration-ms="7512" status="PASS">
          <reporter-output>
          </reporter-output>
        </test-method> <!-- editlead -->
        <test-method signature="convertlead()[pri:0, instance:Miniproject.Miniproject@6cd28fa7]" started-at="2022-01-31T11:32:43 IST" name="convertlead" finished-at="2022-01-31T11:32:51 IST" depends-on-methods="Miniproject.Miniproject.editlead" duration-ms="7697" status="PASS">
          <reporter-output>
          </reporter-output>
        </test-method> <!-- convertlead -->
        <test-method is-config="true" signature="finish()[pri:0, instance:Miniproject.Miniproject@6cd28fa7]" started-at="2022-01-31T11:32:51 IST" name="finish" finished-at="2022-01-31T11:32:51 IST" duration-ms="426" status="PASS">
          <reporter-output>
          </reporter-output>
        </test-method> <!-- finish -->
      </class> <!-- Miniproject.Miniproject -->
    </test> <!-- TestingOnChrome -->
    <test started-at="2022-01-31T11:31:50 IST" name="TestingOnFirefox" finished-at="2022-01-31T11:33:06 IST" duration-ms="75683">
      <class name="Miniproject.Miniproject">
        <test-method is-config="true" signature="setup(java.lang.String)[pri:0, instance:Miniproject.Miniproject@1b11171f]" started-at="2022-01-31T11:31:50 IST" name="setup" finished-at="2022-01-31T11:31:56 IST" duration-ms="6199" status="PASS">
          <params>
            <param index="0">
              <value>
                <![CDATA[firefox]]>
              </value>
            </param>
          </params>
          <reporter-output>
          </reporter-output>
        </test-method> <!-- setup -->
        <test-method signature="launcurl()[pri:0, instance:Miniproject.Miniproject@1b11171f]" started-at="2022-01-31T11:31:56 IST" name="launcurl" finished-at="2022-01-31T11:31:59 IST" duration-ms="2976" status="PASS">
          <reporter-output>
          </reporter-output>
        </test-method> <!-- launcurl -->
        <test-method signature="enterusername()[pri:0, instance:Miniproject.Miniproject@1b11171f]" started-at="2022-01-31T11:31:59 IST" name="enterusername" finished-at="2022-01-31T11:31:59 IST" depends-on-methods="Miniproject.Miniproject.launcurl" duration-ms="74" status="PASS">
          <reporter-output>
          </reporter-output>
        </test-method> <!-- enterusername -->
        <test-method signature="enterpswd()[pri:0, instance:Miniproject.Miniproject@1b11171f]" started-at="2022-01-31T11:31:59 IST" name="enterpswd" finished-at="2022-01-31T11:31:59 IST" depends-on-methods="Miniproject.Miniproject.enterusername" duration-ms="60" status="PASS">
          <reporter-output>
          </reporter-output>
        </test-method> <!-- enterpswd -->
        <test-method signature="clicklogin()[pri:0, instance:Miniproject.Miniproject@1b11171f]" started-at="2022-01-31T11:31:59 IST" name="clicklogin" finished-at="2022-01-31T11:32:53 IST" depends-on-methods="Miniproject.Miniproject.enterpswd" duration-ms="53461" status="PASS">
          <reporter-output>
          </reporter-output>
        </test-method> <!-- clicklogin -->
        <test-method signature="clickexpandmenu()[pri:0, instance:Miniproject.Miniproject@1b11171f]" started-at="2022-01-31T11:32:53 IST" name="clickexpandmenu" finished-at="2022-01-31T11:32:56 IST" depends-on-methods="Miniproject.Miniproject.clicklogin" duration-ms="3671" status="PASS">
          <reporter-output>
          </reporter-output>
        </test-method> <!-- clickexpandmenu -->
        <test-method signature="editlead()[pri:0, instance:Miniproject.Miniproject@1b11171f]" started-at="2022-01-31T11:32:56 IST" name="editlead" finished-at="2022-01-31T11:33:04 IST" depends-on-methods="Miniproject.Miniproject.clickexpandmenu" duration-ms="7512" status="PASS">
          <reporter-output>
          </reporter-output>
        </test-method> <!-- editlead -->
        <test-method signature="convertlead()[pri:0, instance:Miniproject.Miniproject@1b11171f]" started-at="2022-01-31T11:33:04 IST" name="convertlead" finished-at="2022-01-31T11:33:04 IST" depends-on-methods="Miniproject.Miniproject.editlead" duration-ms="57" status="FAIL">
          <exception class="org.openqa.selenium.ElementClickInterceptedException">
            <message>
              <![CDATA[Element <button class="Simple pzhc pzbutton" name="CaseActionHeader_pyWorkPage_5" type="button"> is not clickable at point (410,108) because another element <div class="HIDD21417C9ED3386B20EAEE2D0B51E72B6 show HIDF3B0E840DCD97E8A1BA09672B7A0BB5A"> obscures it
Build info: version: '4.0.0', revision: '3a21814679'
System info: host: 'IQZNGLLT008', ip: '192.168.126.148', os.name: 'Windows 10', os.arch: 'amd64', os.version: '10.0', java.version: '16.0.2'
Driver info: org.openqa.selenium.firefox.FirefoxDriver
Command: [396d5b23-ad2c-4676-833c-8b9040a85002, clickElement {id=6b47f249-7917-4abe-96b4-1cff5d9e3e3c}]
Capabilities {acceptInsecureCerts: true, browserName: firefox, browserVersion: 96.0.3, javascriptEnabled: true, moz:accessibilityChecks: false, moz:buildID: 20220126154723, moz:debuggerAddress: localhost:57486, moz:geckodriverVersion: 0.30.0, moz:headless: false, moz:processID: 24760, moz:profile: C:\Users\bhagawath.a\AppDat..., moz:shutdownTimeout: 60000, moz:useNonSpecCompliantPointerOrigin: false, moz:webdriverClick: true, pageLoadStrategy: normal, platform: WINDOWS, platformName: WINDOWS, platformVersion: 10.0, proxy: Proxy(), se:cdp: ws://localhost:57486/devtoo..., se:cdpVersion: 85, setWindowRect: true, strictFileInteractability: false, timeouts: {implicit: 0, pageLoad: 300000, script: 30000}, unhandledPromptBehavior: dismiss and notify}
Element: [[FirefoxDriver: firefox on WINDOWS (396d5b23-ad2c-4676-833c-8b9040a85002)] -> xpath: (//button[contains(@title,'Actions')][normalize-space()='Actions'])[2]]
Session ID: 396d5b23-ad2c-4676-833c-8b9040a85002]]>
            </message>
            <full-stacktrace>
              <![CDATA[org.openqa.selenium.ElementClickInterceptedException: Element <button class="Simple pzhc pzbutton" name="CaseActionHeader_pyWorkPage_5" type="button"> is not clickable at point (410,108) because another element <div class="HIDD21417C9ED3386B20EAEE2D0B51E72B6 show HIDF3B0E840DCD97E8A1BA09672B7A0BB5A"> obscures it
Build info: version: '4.0.0', revision: '3a21814679'
System info: host: 'IQZNGLLT008', ip: '192.168.126.148', os.name: 'Windows 10', os.arch: 'amd64', os.version: '10.0', java.version: '16.0.2'
Driver info: org.openqa.selenium.firefox.FirefoxDriver
Command: [396d5b23-ad2c-4676-833c-8b9040a85002, clickElement {id=6b47f249-7917-4abe-96b4-1cff5d9e3e3c}]
Capabilities {acceptInsecureCerts: true, browserName: firefox, browserVersion: 96.0.3, javascriptEnabled: true, moz:accessibilityChecks: false, moz:buildID: 20220126154723, moz:debuggerAddress: localhost:57486, moz:geckodriverVersion: 0.30.0, moz:headless: false, moz:processID: 24760, moz:profile: C:\Users\bhagawath.a\AppDat..., moz:shutdownTimeout: 60000, moz:useNonSpecCompliantPointerOrigin: false, moz:webdriverClick: true, pageLoadStrategy: normal, platform: WINDOWS, platformName: WINDOWS, platformVersion: 10.0, proxy: Proxy(), se:cdp: ws://localhost:57486/devtoo..., se:cdpVersion: 85, setWindowRect: true, strictFileInteractability: false, timeouts: {implicit: 0, pageLoad: 300000, script: 30000}, unhandledPromptBehavior: dismiss and notify}
Element: [[FirefoxDriver: firefox on WINDOWS (396d5b23-ad2c-4676-833c-8b9040a85002)] -> xpath: (//button[contains(@title,'Actions')][normalize-space()='Actions'])[2]]
Session ID: 396d5b23-ad2c-4676-833c-8b9040a85002
at java.base/jdk.internal.reflect.NativeConstructorAccessorImpl.newInstance0(Native Method)
at java.base/jdk.internal.reflect.NativeConstructorAccessorImpl.newInstance(NativeConstructorAccessorImpl.java:78)
at java.base/jdk.internal.reflect.DelegatingConstructorAccessorImpl.newInstance(DelegatingConstructorAccessorImpl.java:45)
at java.base/java.lang.reflect.Constructor.newInstanceWithCaller(Constructor.java:499)
at java.base/java.lang.reflect.Constructor.newInstance(Constructor.java:480)
at org.openqa.selenium.remote.codec.w3c.W3CHttpResponseCodec.createException(W3CHttpResponseCodec.java:200)
at org.openqa.selenium.remote.codec.w3c.W3CHttpResponseCodec.decode(W3CHttpResponseCodec.java:133)
at org.openqa.selenium.remote.codec.w3c.W3CHttpResponseCodec.decode(W3CHttpResponseCodec.java:53)
at org.openqa.selenium.remote.HttpCommandExecutor.execute(HttpCommandExecutor.java:184)
at org.openqa.selenium.remote.service.DriverCommandExecutor.invokeExecute(DriverCommandExecutor.java:164)
at org.openqa.selenium.remote.service.DriverCommandExecutor.execute(DriverCommandExecutor.java:139)
at org.openqa.selenium.remote.RemoteWebDriver.execute(RemoteWebDriver.java:559)
at org.openqa.selenium.remote.RemoteWebElement.execute(RemoteWebElement.java:251)
at org.openqa.selenium.remote.RemoteWebElement.click(RemoteWebElement.java:77)
at Miniproject.Miniproject.convertlead(Miniproject.java:111)
at java.base/jdk.internal.reflect.NativeMethodAccessorImpl.invoke0(Native Method)
at java.base/jdk.internal.reflect.NativeMethodAccessorImpl.invoke(NativeMethodAccessorImpl.java:78)
at java.base/jdk.internal.reflect.DelegatingMethodAccessorImpl.invoke(DelegatingMethodAccessorImpl.java:43)
at java.base/java.lang.reflect.Method.invoke(Method.java:567)
at org.testng.internal.MethodInvocationHelper.invokeMethod(MethodInvocationHelper.java:133)
at org.testng.internal.TestInvoker.invokeMethod(TestInvoker.java:598)
at org.testng.internal.TestInvoker.invokeTestMethod(TestInvoker.java:173)
at org.testng.internal.MethodRunner.runInSequence(MethodRunner.java:46)
at org.testng.internal.TestInvoker$MethodInvocationAgent.invoke(TestInvoker.java:824)
at org.testng.internal.TestInvoker.invokeTestMethods(TestInvoker.java:146)
at org.testng.internal.TestMethodWorker.invokeTestMethods(TestMethodWorker.java:146)
at org.testng.internal.TestMethodWorker.run(TestMethodWorker.java:128)
at java.base/java.util.ArrayList.forEach(ArrayList.java:1511)
at org.testng.TestRunner.privateRun(TestRunner.java:794)
at org.testng.TestRunner.run(TestRunner.java:596)
at org.testng.SuiteRunner.runTest(SuiteRunner.java:377)
at org.testng.SuiteRunner.access$000(SuiteRunner.java:28)
at org.testng.SuiteRunner$SuiteWorker.run(SuiteRunner.java:418)
at org.testng.internal.thread.ThreadUtil.lambda$execute$0(ThreadUtil.java:64)
at java.base/java.util.concurrent.FutureTask.run(FutureTask.java:264)
at java.base/java.util.concurrent.ThreadPoolExecutor.runWorker(ThreadPoolExecutor.java:1130)
at java.base/java.util.concurrent.ThreadPoolExecutor$Worker.run(ThreadPoolExecutor.java:630)
at java.base/java.lang.Thread.run(Thread.java:831)
]]>
            </full-stacktrace>
          </exception> <!-- org.openqa.selenium.ElementClickInterceptedException -->
          <reporter-output>
          </reporter-output>
        </test-method> <!-- convertlead -->
        <test-method is-config="true" signature="finish()[pri:0, instance:Miniproject.Miniproject@1b11171f]" started-at="2022-01-31T11:33:04 IST" name="finish" finished-at="2022-01-31T11:33:06 IST" duration-ms="1648" status="PASS">
          <reporter-output>
          </reporter-output>
        </test-method> <!-- finish -->
      </class> <!-- Miniproject.Miniproject -->
    </test> <!-- TestingOnFirefox -->
    <test started-at="2022-01-31T11:31:50 IST" name="TestingOnEdge" finished-at="2022-01-31T11:33:19 IST" duration-ms="89215">
      <class name="Miniproject.Miniproject">
        <test-method is-config="true" signature="setup(java.lang.String)[pri:0, instance:Miniproject.Miniproject@d9345cd]" started-at="2022-01-31T11:31:50 IST" name="setup" finished-at="2022-01-31T11:31:53 IST" duration-ms="2861" status="PASS">
          <params>
            <param index="0">
              <value>
                <![CDATA[edge]]>
              </value>
            </param>
          </params>
          <reporter-output>
          </reporter-output>
        </test-method> <!-- setup -->
        <test-method signature="launcurl()[pri:0, instance:Miniproject.Miniproject@d9345cd]" started-at="2022-01-31T11:31:53 IST" name="launcurl" finished-at="2022-01-31T11:31:56 IST" duration-ms="2997" status="PASS">
          <reporter-output>
          </reporter-output>
        </test-method> <!-- launcurl -->
        <test-method signature="enterusername()[pri:0, instance:Miniproject.Miniproject@d9345cd]" started-at="2022-01-31T11:31:56 IST" name="enterusername" finished-at="2022-01-31T11:31:56 IST" depends-on-methods="Miniproject.Miniproject.launcurl" duration-ms="205" status="PASS">
          <reporter-output>
          </reporter-output>
        </test-method> <!-- enterusername -->
        <test-method signature="enterpswd()[pri:0, instance:Miniproject.Miniproject@d9345cd]" started-at="2022-01-31T11:31:56 IST" name="enterpswd" finished-at="2022-01-31T11:31:56 IST" depends-on-methods="Miniproject.Miniproject.enterusername" duration-ms="158" status="PASS">
          <reporter-output>
          </reporter-output>
        </test-method> <!-- enterpswd -->
        <test-method signature="clicklogin()[pri:0, instance:Miniproject.Miniproject@d9345cd]" started-at="2022-01-31T11:31:56 IST" name="clicklogin" finished-at="2022-01-31T11:32:52 IST" depends-on-methods="Miniproject.Miniproject.enterpswd" duration-ms="56101" status="PASS">
          <reporter-output>
          </reporter-output>
        </test-method> <!-- clicklogin -->
        <test-method signature="clickexpandmenu()[pri:0, instance:Miniproject.Miniproject@d9345cd]" started-at="2022-01-31T11:32:52 IST" name="clickexpandmenu" finished-at="2022-01-31T11:32:58 IST" depends-on-methods="Miniproject.Miniproject.clicklogin" duration-ms="6051" status="PASS">
          <reporter-output>
          </reporter-output>
        </test-method> <!-- clickexpandmenu -->
        <test-method signature="editlead()[pri:0, instance:Miniproject.Miniproject@d9345cd]" started-at="2022-01-31T11:32:58 IST" name="editlead" finished-at="2022-01-31T11:33:10 IST" depends-on-methods="Miniproject.Miniproject.clickexpandmenu" duration-ms="11615" status="PASS">
          <reporter-output>
          </reporter-output>
        </test-method> <!-- editlead -->
        <test-method signature="convertlead()[pri:0, instance:Miniproject.Miniproject@d9345cd]" started-at="2022-01-31T11:33:10 IST" name="convertlead" finished-at="2022-01-31T11:33:19 IST" depends-on-methods="Miniproject.Miniproject.editlead" duration-ms="8529" status="PASS">
          <reporter-output>
          </reporter-output>
        </test-method> <!-- convertlead -->
        <test-method is-config="true" signature="finish()[pri:0, instance:Miniproject.Miniproject@d9345cd]" started-at="2022-01-31T11:33:19 IST" name="finish" finished-at="2022-01-31T11:33:19 IST" duration-ms="654" status="PASS">
          <reporter-output>
          </reporter-output>
        </test-method> <!-- finish -->
      </class> <!-- Miniproject.Miniproject -->
    </test> <!-- TestingOnEdge -->
  </suite> <!-- Suite -->
</testng-results>
